<?xml version="1.0" encoding="UTF-8"?>
<!-- Generated by org.testng.reporters.JUnitReportReporter -->
<testsuite hostname="LAPTOP-OP00BPI3" failures="0" tests="1" name="data_Stream.ReadCSVdoc" time="0.007" errors="0" timestamp="2021-10-23T08:45:44 IST" skipped="0">
  <testcase classname="data_Stream.ReadCSVdoc" name="getcsvdata" time="0.007"/>
  <system-out/>
</testsuite> <!-- data_Stream.ReadCSVdoc -->
